[8839472211031350]
result = "CAPTURED"
error = ""
errortext = ""
ref = "313510339009"
responsecode = "00"
cvv2response = ""
postdate = "0515"
udf1 = "1"
udf2 = "2"
udf3 = "3"
udf4 = "4"
udf5 = "5"
tranid = "2055718211031350"
auth = "959829"
avr = ""
trackid = "1368591696"

[8573484221031350]
result = "VOIDED"
error = ""
errortext = ""
ref = "313510339011"
responsecode = ""
cvv2response = ""
postdate = ""
udf1 = "1"
udf2 = "2"
udf3 = "3"
udf4 = "4"
udf5 = "5"
tranid = "8457384261031350"
auth = ""
avr = ""
trackid = "1368591733"

[667572281031350]
result = "VOIDED"
error = ""
errortext = ""
ref = "313510339017"
responsecode = ""
cvv2response = ""
postdate = ""
udf1 = "1"
udf2 = "2"
udf3 = "3"
udf4 = "4"
udf5 = "5"
tranid = "8780245321031350"
auth = ""
avr = ""
trackid = "1368592109"

[695926311531350]
result = "VOIDED"
error = ""
errortext = ""
ref = "313515280561"
responsecode = ""
cvv2response = ""
postdate = ""
udf1 = "1"
udf2 = "2"
udf3 = "3"
udf4 = "4"
udf5 = "5"
tranid = "2598158341531350"
auth = ""
avr = ""
trackid = "1368610262"

[6018631421531350]
result = "CAPTURED"
error = ""
errortext = ""
ref = "313515675886"
responsecode = ""
cvv2response = ""
postdate = ""
udf1 = "1"
udf2 = "2"
udf3 = "3"
udf4 = "4"
udf5 = "5"
tranid = "7502903431531350"
auth = ""
avr = ""
trackid = "1368610955"

[9991930161631350]
result = "NOT APPROVED"
error = ""
errortext = ""
ref = "313516675888"
responsecode = "Q1"
cvv2response = ""
postdate = "0516"
udf1 = "1"
udf2 = "2"
udf3 = "3"
udf4 = "4"
udf5 = "5"
tranid = "8807688161631350"
auth = "000000"
avr = ""
trackid = "1368612988"

[5392527521131360]
result = "NOT APPROVED"
error = ""
errortext = ""
ref = "313611675904"
responsecode = "Q1"
cvv2response = ""
postdate = "0516"
udf1 = "1"
udf2 = "2"
udf3 = "3"
udf4 = "4"
udf5 = "5"
tranid = "9307122521131360"
auth = "000000"
avr = ""
trackid = "1368683565"

[2645662021731360]
result = "CAPTURED"
error = ""
errortext = ""
ref = "313617839244"
responsecode = "00"
cvv2response = ""
postdate = "0517"
udf1 = "1"
udf2 = "2"
udf3 = "3"
udf4 = "4"
udf5 = "5"
tranid = "4834939021731360"
auth = "228126"
avr = ""
trackid = "1368702151"

[5240097231731360]
result = "APPROVED"
error = ""
errortext = ""
ref = "313617831653"
responsecode = "00"
cvv2response = ""
postdate = "0517"
udf1 = "1"
udf2 = "2"
udf3 = "3"
udf4 = "4"
udf5 = "5"
tranid = "8484346231731360"
auth = "606856"
avr = ""
trackid = "1368703412"

[9048804361031370]
result = "CAPTURED"
error = ""
errortext = ""
ref = "313710652500"
responsecode = "00"
cvv2response = ""
postdate = "0517"
udf1 = "1"
udf2 = "2"
udf3 = "3"
udf4 = "4"
udf5 = "5"
tranid = "7507699361031370"
auth = "175473"
avr = ""
trackid = "1368765362"

[5601159581131440]
result = "CAPTURED"
error = ""
errortext = ""
ref = "314411601771"
responsecode = "00"
cvv2response = ""
postdate = "0524"
udf1 = "1"
udf2 = "2"
udf3 = "3"
udf4 = "4"
udf5 = "5"
tranid = "2516484581131440"
auth = "542891"
avr = ""
trackid = "1369375100"

[9807152001231440]
result = "APPROVED"
error = ""
errortext = ""
ref = "314412601773"
responsecode = "00"
cvv2response = ""
postdate = "0524"
udf1 = "1"
udf2 = "2"
udf3 = "3"
udf4 = "4"
udf5 = "5"
tranid = "2421801001231440"
auth = "543593"
avr = ""
trackid = "1369375228"

[9306394031231440]
result = "NOT APPROVED"
error = ""
errortext = ""
ref = "314412601774"
responsecode = "51"
cvv2response = ""
postdate = "0524"
udf1 = "1"
udf2 = "2"
udf3 = "3"
udf4 = "4"
udf5 = "5"
tranid = "4293302031231440"
auth = "000000"
avr = ""
trackid = "1369375406"

[1609337561631440]
result = "APPROVED"
error = ""
errortext = ""
ref = "314416601787"
responsecode = "00"
cvv2response = ""
postdate = "0525"
udf1 = "1"
udf2 = "2"
udf3 = "3"
udf4 = "4"
udf5 = "5"
tranid = "6864451561631440"
auth = "103534"
avr = ""
trackid = "1369392993"

[1957563411731440]
result = "CAPTURED"
error = ""
errortext = ""
ref = "314417601788"
responsecode = "00"
cvv2response = ""
postdate = "0525"
udf1 = "1"
udf2 = "2"
udf3 = "3"
udf4 = "4"
udf5 = "5"
tranid = "3457126421731440"
auth = "691715"
avr = ""
trackid = "1369395712"

[9263701061631470]
result = "APPROVED"
error = ""
errortext = ""
ref = "314716161070"
responsecode = "00"
cvv2response = ""
postdate = "0528"
udf1 = "1"
udf2 = "2"
udf3 = "3"
udf4 = "4"
udf5 = "5"
tranid = "4039693071631470"
auth = "387274"
avr = ""
trackid = "1369649218"

[5549396311631470]
result = "APPROVED"
error = ""
errortext = ""
ref = "314716086044"
responsecode = "00"
cvv2response = ""
postdate = "0528"
udf1 = "1"
udf2 = "2"
udf3 = "3"
udf4 = "4"
udf5 = "5"
tranid = "5924861311631470"
auth = "192150"
avr = ""
trackid = "1369650667"

[5166335461031480]
result = "APPROVED"
error = ""
errortext = ""
ref = "314810130664"
responsecode = "00"
cvv2response = ""
postdate = "0528"
udf1 = "1"
udf2 = "2"
udf3 = "3"
udf4 = "4"
udf5 = "5"
tranid = "5740274461031480"
auth = "978901"
avr = ""
trackid = "1369716359"

[nonkeyedsection]
result = ""
error = ""
errortext = ""
ref = ""
responsecode = ""
cvv2response = ""
postdate = ""
udf1 = ""
udf2 = ""
udf3 = ""
udf4 = ""
udf5 = ""
tranid = ""
auth = ""
avr = ""
trackid = "1369720054"

[3920523571031480]
result = "APPROVED"
error = ""
errortext = ""
ref = "314810790080"
responsecode = "00"
cvv2response = ""
postdate = "0528"
udf1 = "1"
udf2 = "2"
udf3 = "3"
udf4 = "4"
udf5 = "5"
tranid = "7837548571031480"
auth = "600956"
avr = ""
trackid = "1369717039"

[9259014011131480]
result = "APPROVED"
error = ""
errortext = ""
ref = "314811828468"
responsecode = "00"
cvv2response = ""
postdate = "0528"
udf1 = "1"
udf2 = "2"
udf3 = "3"
udf4 = "4"
udf5 = "5"
tranid = "1624985011131480"
auth = "407686"
avr = ""
trackid = "1369717312"

[7853879051131480]
result = "APPROVED"
error = ""
errortext = ""
ref = "314811440574"
responsecode = "00"
cvv2response = ""
postdate = "0528"
udf1 = "1"
udf2 = "2"
udf3 = "3"
udf4 = "4"
udf5 = "5"
tranid = "3736653051131480"
auth = "756125"
avr = ""
trackid = "1369717543"

[1986278071131480]
result = "APPROVED"
error = ""
errortext = ""
ref = "314811934417"
responsecode = "00"
cvv2response = ""
postdate = "0528"
udf1 = "1"
udf2 = "2"
udf3 = "3"
udf4 = "4"
udf5 = "5"
tranid = "318117071131480"
auth = "886168"
avr = ""
trackid = "1369717636"

[5840508121131480]
result = "APPROVED"
error = ""
errortext = ""
ref = "314811544654"
responsecode = "00"
cvv2response = ""
postdate = "0528"
udf1 = "1"
udf2 = "2"
udf3 = "3"
udf4 = "4"
udf5 = "5"
tranid = "7971187121131480"
auth = "902233"
avr = ""
trackid = "1369717954"

[5650199161131480]
result = "APPROVED"
error = ""
errortext = ""
ref = "314811329960"
responsecode = "00"
cvv2response = ""
postdate = "0528"
udf1 = "1"
udf2 = "2"
udf3 = "3"
udf4 = "4"
udf5 = "5"
tranid = "5100725161131480"
auth = "607504"
avr = ""
trackid = "1369718168"

[7050748181131480]
result = "APPROVED"
error = ""
errortext = ""
ref = "314811329962"
responsecode = "00"
cvv2response = ""
postdate = "0528"
udf1 = "1"
udf2 = "2"
udf3 = "3"
udf4 = "4"
udf5 = "5"
tranid = "1718528191131480"
auth = "248469"
avr = ""
trackid = "1369718338"

[7861800371131480]
result = "NOT APPROVED"
error = ""
errortext = ""
ref = "314811830444"
responsecode = "Q1"
cvv2response = ""
postdate = "0528"
udf1 = "1"
udf2 = "2"
udf3 = "3"
udf4 = "4"
udf5 = "5"
tranid = "7129522371131480"
auth = "000000"
avr = ""
trackid = "1369719434"

[101229371131480]
result = "NOT APPROVED"
error = ""
errortext = ""
ref = "314811830445"
responsecode = "Q1"
cvv2response = ""
postdate = "0528"
udf1 = "1"
udf2 = "2"
udf3 = "3"
udf4 = "4"
udf5 = "5"
tranid = "3403429371131480"
auth = "000000"
avr = ""
trackid = "1369719468"

[3408464471131480]
result = "APPROVED"
error = ""
errortext = ""
ref = "314811424978"
responsecode = "00"
cvv2response = ""
postdate = "0528"
udf1 = "1"
udf2 = "2"
udf3 = "3"
udf4 = "4"
udf5 = "5"
tranid = "5442642471131480"
auth = "251529"
avr = ""
trackid = "1369720054"

[1787311121231480]
result = "APPROVED"
error = ""
errortext = ""
ref = "314812616543"
responsecode = "00"
cvv2response = ""
postdate = "0528"
udf1 = "1"
udf2 = "2"
udf3 = "3"
udf4 = "4"
udf5 = "5"
tranid = "680220121231480"
auth = "940556"
avr = ""
trackid = "1369721557"
preved = ""

[8189356331531480]
result = "APPROVED"
error = ""
errortext = ""
ref = "314815393154"
responsecode = "00"
cvv2response = ""
postdate = "0529"
udf1 = "1"
udf2 = "2"
udf3 = "3"
udf4 = "4"
udf5 = "5"
tranid = "3940856341531480"
auth = "466524"
avr = ""
trackid = "1369733632"
preved = ""

[1865432341531480]
result = "NOT APPROVED"
error = ""
errortext = ""
ref = "314815393155"
responsecode = "51"
cvv2response = ""
postdate = "0529"
udf1 = "1"
udf2 = "2"
udf3 = "3"
udf4 = "4"
udf5 = "5"
tranid = "7522896341531480"
auth = "000000"
avr = ""
trackid = "1369733669"
preved = ""

[3537508371531480]
result = "NOT APPROVED"
error = ""
errortext = ""
ref = "314815393156"
responsecode = "Q1"
cvv2response = ""
postdate = "0529"
udf1 = "1"
udf2 = "2"
udf3 = "3"
udf4 = "4"
udf5 = "5"
tranid = "6796548371531480"
auth = "000000"
avr = ""
trackid = "1369733822"
preved = ""

[1504513411531480]
result = "NOT APPROVED"
error = ""
errortext = ""
ref = "314815874880"
responsecode = "51"
cvv2response = ""
postdate = "0529"
udf1 = "1"
udf2 = "2"
udf3 = "3"
udf4 = "4"
udf5 = "5"
tranid = "1578203411531480"
auth = "000000"
avr = ""
trackid = "1369734105"
preved = ""

[9290650111631480]
result = "APPROVED"
error = ""
errortext = ""
ref = "314816874881"
responsecode = "00"
cvv2response = ""
postdate = "0529"
udf1 = "1"
udf2 = "2"
udf3 = "3"
udf4 = "4"
udf5 = "5"
tranid = "2323407111631480"
auth = "583780"
avr = ""
trackid = "1369735868"
preved = ""

[1475810071131490]
result = "NOT APPROVED"
error = ""
errortext = ""
ref = "314911294177"
responsecode = "51"
cvv2response = ""
postdate = "0529"
udf1 = "1"
udf2 = "2"
udf3 = "3"
udf4 = "4"
udf5 = "5"
tranid = "6879327071131490"
auth = "000000"
avr = ""
trackid = "1369804046"
preved = ""

[1963103061031500]
result = "APPROVED"
error = ""
errortext = ""
ref = "315010294206"
responsecode = "00"
cvv2response = ""
postdate = "0530"
udf1 = "1"
udf2 = "2"
udf3 = "3"
udf4 = "4"
udf5 = "5"
tranid = "4560081061031500"
auth = "740777"
avr = ""
trackid = "1369886785"
preved = ""

